Running comparisons with the following variables:
DIST_THRES = 5 # km
TIME_THRES = 6/24 # days
DTEMP_THRES = 0.5 # deg C
DSAL_THRES = 0.1 # psu

%%%%%%%%%%%%%%%%%%%%%%%%%%%%%%%%%%%%%%%%%%%%%
running: compare_inst.py FLBBSR FLBBRR
11 matches found
FLBB (SR) dives: [42 49 63 82 87 105 110 111 114 130 136]
FLBB (RR) dives: [25 30 38 50 52 59 63 64 66 79 83]
Distances (km)           [1.11 4.38 1.76 4.35 1.44 2.14 2.65 1.97 4.33 0.84 1.01]
Time separations (hours) [0.51 1.77 2.26 1.66 0.06 1.74 0.56 2.84 3.53 0.06 3.87]

n=287 (6 outliers removed), r^2=0.960
Best-fit  line:  b=-0.974 (0.044) x1e-4, a=0.951 (0.008)
Best-fit offset, b=-1.217 (0.023) x1e-4

Total error, adding in uncertainty in the calibration coefficients:
Best-fit  line:  b=-0.974 (0.232) x1e-4, a=0.951 (0.028)
Best-fit offset, b=-1.217 (0.230) x1e-4

95% Confidence intervals:
Best-fit line (df=285): b=-1.0 (0.5) x1e-4, a=0.95 (0.06)
Best-fit offset (df=286), b=-1.2 (0.5) x1e-4

Figure saved to bbp_FLBBSR_FLBBRR.png
%%%%%%%%%%%%%%%%%%%%%%%%%%%%%%%%%%%%%%%%%%%%%
running: compare_inst.py BBFL2WW FLBBRR
42 matches found
BBFL2 (WW) dives: [0 17 30 31 79 105 109 128 159 177 192 198 221 225 240 249 267 278 281 301
 305 318 330 356 357 375 384 388 391 396 411 434 438 453 469 474 490 507
 519 533 537 549]
FLBB (RR) dives: [30 32 33 34 37 40 41 42 44 46 47 49 50 51 52 53 55 58 59 60 61 62 63 64
 65 66 67 68 69 70 71 72 73 74 75 76 77 78 79 80 81 82]
Distances (km)           [1.3  0.65 4.5  4.63 1.   1.22 0.2  3.75 0.96 0.52 0.78 0.95 0.25 0.62
 1.07 0.75 0.63 0.93 0.61 0.99 0.16 0.73 1.23 0.64 1.04 0.53 0.19 0.35
 1.   1.07 0.3  0.29 0.18 2.19 1.33 1.   1.07 2.52 0.43 0.35 0.21 0.88]
Time separations (hours) [0.38 1.29 1.63 1.72 5.53 5.87 5.41 0.61 2.01 2.05 2.11 1.79 1.82 1.81
 1.03 5.43 3.37 4.43 5.52 2.36 3.68 0.81 0.11 5.42 3.45 2.6  4.29 2.23
 2.24 0.32 2.04 5.11 2.69 0.12 1.12 0.7  4.27 5.49 1.1  2.91 2.21 2.27]

n=1113 (0 outliers removed), r^2=0.935
Best-fit  line:  b=-0.256 (0.032) x1e-4, a=1.003 (0.006)
Best-fit offset, b=-0.245 (0.018) x1e-4

Total error, adding in uncertainty in the calibration coefficients:
Best-fit  line:  b=-0.256 (0.289) x1e-4, a=1.003 (0.030)
Best-fit offset, b=-0.245 (0.288) x1e-4

95% Confidence intervals:
Best-fit line (df=1111): b=-0.3 (0.6) x1e-4, a=1.00 (0.06)
Best-fit offset (df=1112), b=-0.2 (0.6) x1e-4

Figure saved to bbp_BBFL2WW_FLBBRR.png
%%%%%%%%%%%%%%%%%%%%%%%%%%%%%%%%%%%%%%%%%%%%%
running: compare_inst.py BB2FLSG FLBBRR
19 matches found
BB2FL (SG) dives: [234 236 249 270 280 286 326 327 329 334 336 341 343 349 350 354 358 359
 374]
FLBB (RR) dives: [25 26 30 36 39 43 56 57 58 59 60 61 62 63 64 65 66 67 73]
Distances (km)           [1.15 2.91 4.79 4.04 4.59 0.53 2.98 0.72 3.38 4.14 1.75 1.22 1.54 1.2
 1.01 4.   3.61 4.46 4.35]
Time separations (hours) [5.39 2.84 2.56 1.56 5.79 2.15 0.89 1.57 5.83 3.9  0.36 4.83 3.1  3.6
 5.24 3.48 1.25 0.51 5.62]

n=420 (0 outliers removed), r^2=0.944
Best-fit  line:  b=-0.491 (0.052) x1e-4, a=1.015 (0.010)
Best-fit offset, b=-0.426 (0.027) x1e-4

Total error, adding in uncertainty in the calibration coefficients:
Best-fit  line:  b=-0.491 (0.287) x1e-4, a=1.015 (0.031)
Best-fit offset, b=-0.426 (0.281) x1e-4

95% Confidence intervals:
Best-fit line (df=418): b=-0.5 (0.6) x1e-4, a=1.02 (0.06)
Best-fit offset (df=419), b=-0.4 (0.6) x1e-4

Figure saved to bbp_BB2FLSG_FLBBRR.png
%%%%%%%%%%%%%%%%%%%%%%%%%%%%%%%%%%%%%%%%%%%%%
running: compare_inst.py BB9RR FLBBRR
15 matches found
BB9 (RR) dives: [ 8  9 10 12 13 14 15 17 19 21 24 25 28 29 30]
FLBB (RR) dives: [27 30 35 37 42 44 47 52 55 58 65 69 72 79 82]
Distances (km)           [0.34 0.04 2.46 0.13 0.17 0.51 0.59 0.01 1.15 0.08 0.23 0.88 0.67 0.1
 0.19]
Time separations (hours) [1.78 2.76 1.69 1.65 2.   2.19 5.32 1.55 1.65 1.78 1.92 3.84 2.73 1.47
 2.18]

n=149 (3 outliers removed), r^2=0.731
Best-fit  line:  b=+0.333 (0.314) x1e-4, a=0.943 (0.038)
Best-fit offset, b=-0.114 (0.096) x1e-4

Total error, adding in uncertainty in the calibration coefficients:
Best-fit  line:  b=+0.333 (0.411) x1e-4, a=0.943 (0.047)
Best-fit offset, b=-0.114 (0.287) x1e-4

95% Confidence intervals:
Best-fit line (df=147): b=+0.3 (0.8) x1e-4, a=0.94 (0.09)
Best-fit offset (df=148), b=-0.1 (0.6) x1e-4

Figure saved to bbp_BB9RR_FLBBRR.png
%%%%%%%%%%%%%%%%%%%%%%%%%%%%%%%%%%%%%%%%%%%%%
running: compare_inst.py BB9SR FLBBRR
4 matches found
BB9 (SR) dives: [30 55 67 79]
FLBB (RR) dives: [30 52 64 79]
Distances (km)           [4.39 1.46 1.95 0.9 ]
Time separations (hours) [2.44 1.79 1.76 1.41]

n=85 (2 outliers removed), r^2=0.948
Best-fit  line:  b=+0.321 (0.094) x1e-4, a=0.962 (0.020)
Best-fit offset, b=+0.175 (0.057) x1e-4

Total error, adding in uncertainty in the calibration coefficients:
Best-fit  line:  b=+0.321 (0.772) x1e-4, a=0.962 (0.034)
Best-fit offset, b=+0.175 (0.796) x1e-4

95% Confidence intervals:
Best-fit line (df=83): b=+0.3 (1.5) x1e-4, a=0.96 (0.07)
Best-fit offset (df=84), b=+0.2 (1.6) x1e-4

Figure saved to bbp_BB9SR_FLBBRR.png
%%%%%%%%%%%%%%%%%%%%%%%%%%%%%%%%%%%%%%%%%%%%%
running: compare_inst.py HS6RR FLBBRR
26 matches found
HS6 (RR) dives: [8 9 10 12 13 14 15 16 17 18 19 21 22 23 24 25 26 27 28 29 30 31 32 33 34
 35]
FLBB (RR) dives: [27 30 31 37 40 42 44 47 49 51 54 55 58 59 61 65 64 68 70 73 75 76 78 79
 81 82]
Distances (km)           [0.45 0.01 0.04 0.02 0.62 0.03 0.89 0.02 0.   0.04 0.02 0.04 0.1  0.04
 0.02 0.04 0.04 0.27 0.01 0.91 0.05 0.02 0.03 0.16 0.42 0.03]
Time separations (hours) [3.11 1.98 1.22 1.14 0.9  1.22 5.64 0.72 1.16 0.51 0.71 1.24 2.63 1.21
 0.66 1.13 0.82 0.72 1.19 1.41 0.62 1.15 0.72 2.1  0.93 1.19]

n=365 (4 outliers removed), r^2=0.840
Best-fit  line:  b=+0.576 (0.129) x1e-4, a=1.306 (0.022)
Best-fit offset, b=+2.241 (0.056) x1e-4

Total error, adding in uncertainty in the calibration coefficients:
Best-fit  line:  b=+0.576 (0.329) x1e-4, a=1.306 (0.043)
Best-fit offset, b=+2.241 (0.275) x1e-4

95% Confidence intervals:
Best-fit line (df=363): b=+0.6 (0.6) x1e-4, a=1.31 (0.08)
Best-fit offset (df=364), b=+2.2 (0.5) x1e-4

Figure saved to bbp_HS6RR_FLBBRR.png
%%%%%%%%%%%%%%%%%%%%%%%%%%%%%%%%%%%%%%%%%%%%%
running: compare_inst.py FLBBLF FLBBRR
7 matches found
FLBB (LF) dives: [ 7  8 11 12 16 17 24]
FLBB (RR) dives: [25 28 38 43 56 59 83]
Distances (km)           [1.42 1.12 2.02 1.51 1.03 1.82 2.13]
Time separations (hours) [1.71 4.48 3.44 4.46 4.39 0.69 4.41]

n=61 (0 outliers removed), r^2=0.716
Best-fit  line:  b=-37.843 (3.779) x1e-4, a=2.134 (0.180)
Best-fit offset, b=-14.000 (0.195) x1e-4

Total error, adding in uncertainty in the calibration coefficients:
Best-fit  line:  b=-37.843 (5.831) x1e-4, a=2.134 (0.191)
Best-fit offset, b=-14.000 (2.069) x1e-4

95% Confidence intervals:
Best-fit line (df=59): b=-37.8 (11.7) x1e-4, a=2.13 (0.38)
Best-fit offset (df=60), b=-14.0 (4.1) x1e-4

Figure saved to bbp_FLBBLF_FLBBRR.png
%%%%%%%%%%%%%%%%%%%%%%%%%%%%%%%%%%%%%%%%%%%%%
running: compare_inst.py MCOMSBGC FLBBRR
0 matches found
MCOMS (BGC) dives: []
FLBB (RR) dives: []
Distances (km)           []
Time separations (hours) []

Quitting program because no matches were found between MCOMSBGC and FLBBRR.
%%%%%%%%%%%%%%%%%%%%%%%%%%%%%%%%%%%%%%%%%%%%%
running: compare_inst.py BBFL2WW FLBBSR
7 matches found
BBFL2 (WW) dives: [222 239 289 330 343 374 521]
FLBB (SR) dives: [82 87 105 110 111 114 130]
Distances (km)           [4.07 0.29 0.86 3.6  1.46 4.92 0.11]
Time separations (hours) [4.14 1.82 2.22 0.45 5.92 5.39 0.06]

n=192 (0 outliers removed), r^2=0.920
Best-fit  line:  b=+0.444 (0.085) x1e-4, a=1.147 (0.016)
Best-fit offset, b=+1.093 (0.054) x1e-4

Total error, adding in uncertainty in the calibration coefficients:
Best-fit  line:  b=+0.444 (0.249) x1e-4, a=1.147 (0.037)
Best-fit offset, b=+1.093 (0.214) x1e-4

95% Confidence intervals:
Best-fit line (df=190): b=+0.4 (0.5) x1e-4, a=1.15 (0.07)
Best-fit offset (df=191), b=+1.1 (0.4) x1e-4

Figure saved to bbp_BBFL2WW_FLBBSR.png
%%%%%%%%%%%%%%%%%%%%%%%%%%%%%%%%%%%%%%%%%%%%%
running: compare_inst.py BB2FLSG FLBBSR
16 matches found
BB2FL (SG) dives: [166 172 174 234 258 298 303 304 309 330 335 348 353 368 419 421]
FLBB (SR) dives: [1 8 9 42 52 70 76 75 80 101 105 110 111 120 143 144]
Distances (km)           [3.4  1.77 0.74 2.25 0.23 0.28 3.49 2.98 3.63 4.73 0.49 0.32 1.49 3.71
 0.21 2.22]
Time separations (hours) [4.46 1.99 5.55 5.9  0.64 0.39 1.78 3.18 5.32 2.82 5.92 0.44 1.41 4.55
 0.87 2.42]

n=344 (5 outliers removed), r^2=0.959
Best-fit  line:  b=+0.565 (0.048) x1e-4, a=1.053 (0.009)
Best-fit offset, b=+0.797 (0.025) x1e-4

Total error, adding in uncertainty in the calibration coefficients:
Best-fit  line:  b=+0.565 (0.212) x1e-4, a=1.053 (0.031)
Best-fit offset, b=+0.797 (0.199) x1e-4

95% Confidence intervals:
Best-fit line (df=342): b=+0.6 (0.4) x1e-4, a=1.05 (0.06)
Best-fit offset (df=343), b=+0.8 (0.4) x1e-4

Figure saved to bbp_BB2FLSG_FLBBSR.png
%%%%%%%%%%%%%%%%%%%%%%%%%%%%%%%%%%%%%%%%%%%%%
running: compare_inst.py BB9RR FLBBSR
5 matches found
BB9 (RR) dives: [ 9 17 22 23 29]
FLBB (SR) dives: [49 87 105 111 130]
Distances (km)           [4.35 1.45 2.47 3.23 0.94]
Time separations (hours) [4.53 1.48 5.59 4.66 1.41]

n=58 (0 outliers removed), r^2=0.834
Best-fit  line:  b=+1.385 (0.554) x1e-4, a=1.020 (0.061)
Best-fit offset, b=+1.557 (0.155) x1e-4

Total error, adding in uncertainty in the calibration coefficients:
Best-fit  line:  b=+1.385 (0.585) x1e-4, a=1.020 (0.068)
Best-fit offset, b=+1.557 (0.240) x1e-4

95% Confidence intervals:
Best-fit line (df=56): b=+1.4 (1.2) x1e-4, a=1.02 (0.14)
Best-fit offset (df=57), b=+1.6 (0.5) x1e-4

Figure saved to bbp_BB9RR_FLBBSR.png
%%%%%%%%%%%%%%%%%%%%%%%%%%%%%%%%%%%%%%%%%%%%%
running: compare_inst.py BB9SR FLBBSR
41 matches found
BB9 (SR) dives: [2 6 7 10 11 13 16 17 22 23 26 28 30 31 34 36 38 39 42 46 47 50 52 54 55
 58 60 62 64 66 68 70 72 74 76 77 79 82 84 86 87]
FLBB (SR) dives: [4 10 12 16 18 24 27 31 39 40 44 46 49 50 55 57 60 61 64 68 75 77 85 86 87
 97 101 103 106 108 111 115 117 122 127 128 130 134 135 140 141]
Distances (km)           [0.01 0.05 0.03 0.03 0.02 0.03 0.01 0.02 0.04 0.03 0.01 0.61 0.01 0.01
 0.04 0.03 0.01 0.01 0.32 0.27 0.01 0.01 0.02 0.72 0.03 0.   0.01 0.21
 3.95 0.02 0.02 0.01 0.44 0.01 0.01 0.04 0.28 0.04 0.29 0.03 0.02]
Time separations (hours) [0.64 0.7  0.92 0.69 1.11 1.15 0.7  1.53 0.71 0.87 0.79 1.24 0.67 0.89
 0.55 0.97 0.64 3.44 1.24 1.18 1.   1.07 0.75 1.13 1.73 1.11 0.58 1.67
 0.69 0.58 0.59 0.64 1.12 0.63 0.53 1.11 1.35 0.57 1.11 0.57 1.14]

n=870 (0 outliers removed), r^2=0.977
Best-fit  line:  b=+1.338 (0.020) x1e-4, a=1.035 (0.004)
Best-fit offset, b=+1.476 (0.011) x1e-4

Total error, adding in uncertainty in the calibration coefficients:
Best-fit  line:  b=+1.338 (0.796) x1e-4, a=1.035 (0.030)
Best-fit offset, b=+1.476 (0.769) x1e-4

95% Confidence intervals:
Best-fit line (df=868): b=+1.3 (1.6) x1e-4, a=1.04 (0.06)
Best-fit offset (df=869), b=+1.5 (1.5) x1e-4

Figure saved to bbp_BB9SR_FLBBSR.png
%%%%%%%%%%%%%%%%%%%%%%%%%%%%%%%%%%%%%%%%%%%%%
running: compare_inst.py HS6RR FLBBSR
7 matches found
HS6 (RR) dives: [0 9 18 23 25 26 33]
FLBB (SR) dives: [1 49 82 105 114 111 130]
Distances (km)           [3.57 4.37 4.96 2.13 4.77 2.   1.  ]
Time separations (hours) [2.11 3.75 3.79 0.53 2.34 2.03 2.05]

n=91 (2 outliers removed), r^2=0.626
Best-fit  line:  b=+1.508 (0.436) x1e-4, a=1.414 (0.073)
Best-fit offset, b=+3.875 (0.144) x1e-4

Total error, adding in uncertainty in the calibration coefficients:
Best-fit  line:  b=+1.508 (0.501) x1e-4, a=1.414 (0.083)
Best-fit offset, b=+3.875 (0.232) x1e-4

95% Confidence intervals:
Best-fit line (df=89): b=+1.5 (1.0) x1e-4, a=1.41 (0.17)
Best-fit offset (df=90), b=+3.9 (0.5) x1e-4

Figure saved to bbp_HS6RR_FLBBSR.png
%%%%%%%%%%%%%%%%%%%%%%%%%%%%%%%%%%%%%%%%%%%%%
running: compare_inst.py FLBBLF FLBBSR
6 matches found
FLBB (LF) dives: [ 0  7 11 17 23 24]
FLBB (SR) dives: [8 42 63 105 131 136]
Distances (km)           [0.38 0.34 0.54 0.32 1.83 1.14]
Time separations (hours) [1.01 1.21 1.19 1.05 3.69 0.53]

n=58 (0 outliers removed), r^2=0.697
Best-fit  line:  b=-42.987 (4.533) x1e-4, a=2.441 (0.215)
Best-fit offset, b=-12.502 (0.199) x1e-4

Total error, adding in uncertainty in the calibration coefficients:
Best-fit  line:  b=-42.987 (6.804) x1e-4, a=2.441 (0.227)
Best-fit offset, b=-12.502 (2.060) x1e-4

95% Confidence intervals:
Best-fit line (df=56): b=-43.0 (13.6) x1e-4, a=2.44 (0.45)
Best-fit offset (df=57), b=-12.5 (4.1) x1e-4

Figure saved to bbp_FLBBLF_FLBBSR.png
%%%%%%%%%%%%%%%%%%%%%%%%%%%%%%%%%%%%%%%%%%%%%
running: compare_inst.py MCOMSBGC FLBBSR
1 matches found
MCOMS (BGC) dives: [10]
FLBB (SR) dives: [65]
Distances (km)           [0.67]
Time separations (hours) [0.63]

n=24 (1 outliers removed), r^2=0.993
Best-fit  line:  b=+0.749 (0.097) x1e-4, a=1.108 (0.024)
Best-fit offset, b=+1.134 (0.061) x1e-4

Total error, adding in uncertainty in the calibration coefficients:
Best-fit  line:  b=+0.749 (0.132) x1e-4, a=1.108 (0.039)
Best-fit offset, b=+1.134 (0.106) x1e-4

95% Confidence intervals:
Best-fit line (df=22): b=+0.7 (0.3) x1e-4, a=1.11 (0.08)
Best-fit offset (df=23), b=+1.1 (0.2) x1e-4

Figure saved to bbp_MCOMSBGC_FLBBSR.png
%%%%%%%%%%%%%%%%%%%%%%%%%%%%%%%%%%%%%%%%%%%%%
running: compare_inst.py BB2FLSG BBFL2WW
36 matches found
BB2FL (SG) dives: [247 248 249 264 265 266 267 268 328 330 334 335 337 338 339 340 341 342
 343 344 346 348 349 350 351 352 353 357 358 359 360 363 371 372 373 374]
BBFL2 (WW) dives: [10 13 0 40 46 49 50 52 277 288 292 293 304 305 307 308 310 311 323 325
 328 330 346 349 354 357 359 362 365 371 382 387 421 425 431 434]
Distances (km)           [4.16 4.08 4.19 2.41 0.14 0.69 2.94 3.89 1.58 3.83 2.61 1.2  2.24 2.21
 1.92 1.88 1.98 2.24 1.9  1.95 2.68 3.28 1.88 1.76 3.53 3.49 2.72 2.11
 2.3  4.03 4.91 4.49 4.65 4.25 2.94 3.47]
Time separations (hours) [5.64 5.95 2.94 1.76 1.89 1.94 4.95 5.65 4.38 5.82 2.6  5.76 4.71 5.66
 5.44 5.69 5.38 5.54 0.7  1.07 1.09 0.01 5.92 5.83 5.57 5.86 3.51 5.9
 5.83 5.4  0.66 5.56 5.87 5.54 5.68 5.47]

n=798 (0 outliers removed), r^2=0.893
Best-fit  line:  b=-0.040 (0.048) x1e-4, a=0.963 (0.009)
Best-fit offset, b=-0.204 (0.025) x1e-4

Total error, adding in uncertainty in the calibration coefficients:
Best-fit  line:  b=-0.040 (0.263) x1e-4, a=0.963 (0.029)
Best-fit offset, b=-0.204 (0.264) x1e-4

95% Confidence intervals:
Best-fit line (df=796): b=-0.0 (0.5) x1e-4, a=0.96 (0.06)
Best-fit offset (df=797), b=-0.2 (0.5) x1e-4

Figure saved to bbp_BB2FLSG_BBFL2WW.png
%%%%%%%%%%%%%%%%%%%%%%%%%%%%%%%%%%%%%%%%%%%%%
running: compare_inst.py BB9RR BBFL2WW
15 matches found
BB9 (RR) dives: [ 9 11 12 13 14 15 17 18 19 20 23 25 28 29 30]
BBFL2 (WW) dives: [0 78 77 120 157 192 240 260 261 278 357 392 435 518 549]
Distances (km)           [1.34 0.85 0.85 2.36 0.89 1.08 1.08 0.47 0.53 0.87 0.88 1.04 0.33 0.43
 1.03]
Time separations (hours) [3.14 4.29 5.12 2.52 1.54 3.21 2.58 5.86 5.47 2.28 1.3  0.92 3.1  3.17
 0.09]

n=156 (4 outliers removed), r^2=0.714
Best-fit  line:  b=+0.072 (0.334) x1e-4, a=1.029 (0.037)
Best-fit offset, b=+0.320 (0.097) x1e-4

Total error, adding in uncertainty in the calibration coefficients:
Best-fit  line:  b=+0.072 (0.421) x1e-4, a=1.029 (0.049)
Best-fit offset, b=+0.320 (0.271) x1e-4

95% Confidence intervals:
Best-fit line (df=154): b=+0.1 (0.8) x1e-4, a=1.03 (0.10)
Best-fit offset (df=155), b=+0.3 (0.5) x1e-4

Figure saved to bbp_BB9RR_BBFL2WW.png
%%%%%%%%%%%%%%%%%%%%%%%%%%%%%%%%%%%%%%%%%%%%%
running: compare_inst.py BB9SR BBFL2WW
3 matches found
BB9 (SR) dives: [55 67 79]
BBFL2 (WW) dives: [239 342 522]
Distances (km)           [0.32 1.22 0.23]
Time separations (hours) [3.54 5.44 0.7 ]

n=70 (0 outliers removed), r^2=0.976
Best-fit  line:  b=+0.993 (0.076) x1e-4, a=0.875 (0.013)
Best-fit offset, b=+0.416 (0.072) x1e-4

Total error, adding in uncertainty in the calibration coefficients:
Best-fit  line:  b=+0.993 (0.700) x1e-4, a=0.875 (0.029)
Best-fit offset, b=+0.416 (0.791) x1e-4

95% Confidence intervals:
Best-fit line (df=68): b=+1.0 (1.4) x1e-4, a=0.87 (0.06)
Best-fit offset (df=69), b=+0.4 (1.6) x1e-4

Figure saved to bbp_BB9SR_BBFL2WW.png
%%%%%%%%%%%%%%%%%%%%%%%%%%%%%%%%%%%%%%%%%%%%%
running: compare_inst.py HS6RR BBFL2WW
27 matches found
HS6 (RR) dives: [9 10 11 12 13 14 15 16 17 18 19 20 21 22 23 24 25 26 27 28 29 30 31 32 33
 34 35]
BBFL2 (WW) dives: [0 2 78 81 107 120 157 192 198 225 258 260 267 278 284 306 356 357 388 396
 442 471 474 490 518 538 549]
Distances (km)           [1.3  1.85 0.85 1.2  0.95 2.55 0.85 0.8  0.95 0.62 1.11 0.47 0.62 0.85
 0.73 0.16 0.97 0.55 0.53 1.07 0.34 1.32 1.02 1.1  0.43 0.25 0.88]
Time separations (hours) [2.35 5.45 3.97 5.46 5.56 5.74 4.99 1.39 2.95 2.32 1.83 5.44 4.61 1.8
 4.75 3.69 5.37 5.39 1.51 1.51 3.59 1.69 1.85 5.51 3.8  2.47 3.46]

n=362 (5 outliers removed), r^2=0.811
Best-fit  line:  b=+0.678 (0.142) x1e-4, a=1.322 (0.024)
Best-fit offset, b=+2.475 (0.058) x1e-4

Total error, adding in uncertainty in the calibration coefficients:
Best-fit  line:  b=+0.678 (0.322) x1e-4, a=1.322 (0.045)
Best-fit offset, b=+2.475 (0.258) x1e-4

95% Confidence intervals:
Best-fit line (df=360): b=+0.7 (0.6) x1e-4, a=1.32 (0.09)
Best-fit offset (df=361), b=+2.5 (0.5) x1e-4

Figure saved to bbp_HS6RR_BBFL2WW.png
%%%%%%%%%%%%%%%%%%%%%%%%%%%%%%%%%%%%%%%%%%%%%
running: compare_inst.py FLBBLF BBFL2WW
3 matches found
FLBB (LF) dives: [ 9 17 18]
BBFL2 (WW) dives: [24 289 321]
Distances (km)           [3.9  0.55 3.36]
Time separations (hours) [5.61 1.17 5.53]

n=27 (0 outliers removed), r^2=0.706
Best-fit  line:  b=-31.649 (5.014) x1e-4, a=1.873 (0.243)
Best-fit offset, b=-13.644 (0.253) x1e-4

Total error, adding in uncertainty in the calibration coefficients:
Best-fit  line:  b=-31.649 (6.352) x1e-4, a=1.873 (0.249)
Best-fit offset, b=-13.644 (2.073) x1e-4

95% Confidence intervals:
Best-fit line (df=25): b=-31.6 (13.1) x1e-4, a=1.87 (0.51)
Best-fit offset (df=26), b=-13.6 (4.3) x1e-4

Figure saved to bbp_FLBBLF_BBFL2WW.png
%%%%%%%%%%%%%%%%%%%%%%%%%%%%%%%%%%%%%%%%%%%%%
running: compare_inst.py MCOMSBGC BBFL2WW
0 matches found
MCOMS (BGC) dives: []
BBFL2 (WW) dives: []
Distances (km)           []
Time separations (hours) []

Quitting program because no matches were found between MCOMSBGC and BBFL2WW.
%%%%%%%%%%%%%%%%%%%%%%%%%%%%%%%%%%%%%%%%%%%%%
running: compare_inst.py BB9RR BB2FLSG
6 matches found
BB9 (RR) dives: [ 4  6  7  9 22 23]
BB2FL (SG) dives: [195 219 238 249 329 353]
Distances (km)           [2.77 5.   4.09 4.82 3.22 3.3 ]
Time separations (hours) [3.99 4.63 5.22 0.2  4.93 3.25]

n=55 (1 outliers removed), r^2=0.794
Best-fit  line:  b=+0.745 (0.395) x1e-4, a=0.901 (0.055)
Best-fit offset, b=+0.057 (0.116) x1e-4

Total error, adding in uncertainty in the calibration coefficients:
Best-fit  line:  b=+0.745 (0.460) x1e-4, a=0.901 (0.061)
Best-fit offset, b=+0.057 (0.271) x1e-4

95% Confidence intervals:
Best-fit line (df=53): b=+0.7 (0.9) x1e-4, a=0.90 (0.12)
Best-fit offset (df=54), b=+0.1 (0.5) x1e-4

Figure saved to bbp_BB9RR_BB2FLSG.png
%%%%%%%%%%%%%%%%%%%%%%%%%%%%%%%%%%%%%%%%%%%%%
running: compare_inst.py BB9SR BB2FLSG
4 matches found
BB9 (SR) dives: [47 49 60 68]
BB2FL (SG) dives: [304 303 330 353]
Distances (km)           [2.97 4.48 4.73 1.5 ]
Time separations (hours) [4.19 3.55 3.4  2.  ]

n=67 (1 outliers removed), r^2=0.931
Best-fit  line:  b=+0.786 (0.127) x1e-4, a=1.012 (0.027)
Best-fit offset, b=+0.835 (0.072) x1e-4

Total error, adding in uncertainty in the calibration coefficients:
Best-fit  line:  b=+0.786 (0.805) x1e-4, a=1.012 (0.039)
Best-fit offset, b=+0.835 (0.789) x1e-4

95% Confidence intervals:
Best-fit line (df=65): b=+0.8 (1.6) x1e-4, a=1.01 (0.08)
Best-fit offset (df=66), b=+0.8 (1.6) x1e-4

Figure saved to bbp_BB9SR_BB2FLSG.png
%%%%%%%%%%%%%%%%%%%%%%%%%%%%%%%%%%%%%%%%%%%%%
running: compare_inst.py HS6RR BB2FLSG
9 matches found
HS6 (RR) dives: [2 6 8 9 22 23 24 25 26]
BB2FL (SG) dives: [195 219 237 249 329 334 341 357 353]
Distances (km)           [3.35 4.98 3.46 4.8  3.47 4.11 1.24 2.56 2.31]
Time separations (hours) [2.51 3.9  5.64 0.58 3.2  2.69 4.16 5.08 3.43]

n=98 (0 outliers removed), r^2=0.758
Best-fit  line:  b=+0.825 (0.360) x1e-4, a=1.194 (0.065)
Best-fit offset, b=+1.846 (0.104) x1e-4

Total error, adding in uncertainty in the calibration coefficients:
Best-fit  line:  b=+0.825 (0.448) x1e-4, a=1.194 (0.073)
Best-fit offset, b=+1.846 (0.265) x1e-4

95% Confidence intervals:
Best-fit line (df=96): b=+0.8 (0.9) x1e-4, a=1.19 (0.15)
Best-fit offset (df=97), b=+1.8 (0.5) x1e-4

Figure saved to bbp_HS6RR_BB2FLSG.png
%%%%%%%%%%%%%%%%%%%%%%%%%%%%%%%%%%%%%%%%%%%%%
running: compare_inst.py FLBBLF BB2FLSG
15 matches found
FLBB (LF) dives: [ 0  1  3  7 12 14 15 16 17 18 19 20 21 22 23]
BB2FL (SG) dives: [172 177 195 233 285 307 315 326 334 343 358 364 375 380 389]
Distances (km)           [1.75 4.48 3.73 2.79 2.52 1.11 0.91 3.06 2.58 3.93 4.4  1.53 1.37 1.39
 4.92]
Time separations (hours) [3.   5.73 4.24 5.43 4.65 1.52 0.27 5.28 3.21 5.05 4.64 2.43 5.4  5.54
 2.53]

n=129 (0 outliers removed), r^2=0.619
Best-fit  line:  b=-29.772 (2.332) x1e-4, a=1.765 (0.111)
Best-fit offset, b=-13.723 (0.130) x1e-4

Total error, adding in uncertainty in the calibration coefficients:
Best-fit  line:  b=-29.772 (4.347) x1e-4, a=1.765 (0.122)
Best-fit offset, b=-13.723 (2.061) x1e-4

95% Confidence intervals:
Best-fit line (df=127): b=-29.8 (8.6) x1e-4, a=1.76 (0.24)
Best-fit offset (df=128), b=-13.7 (4.1) x1e-4

Figure saved to bbp_FLBBLF_BB2FLSG.png
%%%%%%%%%%%%%%%%%%%%%%%%%%%%%%%%%%%%%%%%%%%%%
running: compare_inst.py MCOMSBGC BB2FLSG
0 matches found
MCOMS (BGC) dives: []
BB2FL (SG) dives: []
Distances (km)           []
Time separations (hours) []

Quitting program because no matches were found between MCOMSBGC and BB2FLSG.
%%%%%%%%%%%%%%%%%%%%%%%%%%%%%%%%%%%%%%%%%%%%%
running: compare_inst.py BB9SR BB9RR
4 matches found
BB9 (SR) dives: [30 55 68 79]
BB9 (RR) dives: [ 9 17 23 29]
Distances (km)           [4.36 1.46 3.22 0.99]
Time separations (hours) [5.2  0.24 5.25 0.06]

n=41 (0 outliers removed), r^2=0.855
Best-fit  line:  b=+0.037 (0.547) x1e-4, a=1.006 (0.063)
Best-fit offset, b=+0.091 (0.149) x1e-4

Total error, adding in uncertainty in the calibration coefficients:
Best-fit  line:  b=+0.037 (0.958) x1e-4, a=1.006 (0.070)
Best-fit offset, b=+0.091 (0.796) x1e-4

95% Confidence intervals:
Best-fit line (df=39): b=+0.0 (1.9) x1e-4, a=1.01 (0.14)
Best-fit offset (df=40), b=+0.1 (1.6) x1e-4

Figure saved to bbp_BB9SR_BB9RR.png
%%%%%%%%%%%%%%%%%%%%%%%%%%%%%%%%%%%%%%%%%%%%%
running: compare_inst.py HS6RR BB9RR
20 matches found
HS6 (RR) dives: [2 3 7 8 9 11 12 14 15 16 17 20 21 22 23 25 28 29 33 35]
BB9 (RR) dives: [ 1  5  6  7  9 11 12 13 14 15 16 18 19 20 21 24 25 28 29 30]
Distances (km)           [0.02 0.04 0.02 0.03 0.04 0.02 0.12 0.2  0.4  0.57 1.21 0.02 1.11 0.02
 0.47 0.19 1.1  1.75 0.07 0.21]
Time separations (hours) [0.62 0.52 0.13 0.98 0.78 0.32 2.78 3.22 3.45 4.6  3.15 0.42 2.88 0.48
 5.95 3.05 3.35 3.63 0.63 3.37]

n=203 (0 outliers removed), r^2=0.630
Best-fit  line:  b=-0.065 (0.378) x1e-4, a=1.382 (0.061)
Best-fit offset, b=+2.220 (0.103) x1e-4

Total error, adding in uncertainty in the calibration coefficients:
Best-fit  line:  b=-0.065 (0.470) x1e-4, a=1.382 (0.073)
Best-fit offset, b=+2.220 (0.254) x1e-4

95% Confidence intervals:
Best-fit line (df=201): b=-0.1 (0.9) x1e-4, a=1.38 (0.14)
Best-fit offset (df=202), b=+2.2 (0.5) x1e-4

Figure saved to bbp_HS6RR_BB9RR.png
%%%%%%%%%%%%%%%%%%%%%%%%%%%%%%%%%%%%%%%%%%%%%
running: compare_inst.py FLBBLF BB9RR
2 matches found
FLBB (LF) dives: [ 8 17]
BB9 (RR) dives: [ 7 21]
Distances (km)           [3.29 1.99]
Time separations (hours) [5.66 5.43]

n=14 (1 outliers removed), r^2=0.858
Best-fit  line:  b=-36.086 (5.031) x1e-4, a=2.036 (0.240)
Best-fit offset, b=-14.357 (0.287) x1e-4

Total error, adding in uncertainty in the calibration coefficients:
Best-fit  line:  b=-36.086 (6.586) x1e-4, a=2.036 (0.248)
Best-fit offset, b=-14.357 (2.075) x1e-4

95% Confidence intervals:
Best-fit line (df=12): b=-36.1 (14.3) x1e-4, a=2.04 (0.54)
Best-fit offset (df=13), b=-14.4 (4.5) x1e-4

Figure saved to bbp_FLBBLF_BB9RR.png
%%%%%%%%%%%%%%%%%%%%%%%%%%%%%%%%%%%%%%%%%%%%%
running: compare_inst.py MCOMSBGC BB9RR
0 matches found
MCOMS (BGC) dives: []
BB9 (RR) dives: []
Distances (km)           []
Time separations (hours) []

Quitting program because no matches were found between MCOMSBGC and BB9RR.
%%%%%%%%%%%%%%%%%%%%%%%%%%%%%%%%%%%%%%%%%%%%%
running: compare_inst.py HS6RR BB9SR
3 matches found
HS6 (RR) dives: [9 26 33]
BB9 (SR) dives: [30 67 80]
Distances (km)           [4.38 1.98 1.06]
Time separations (hours) [4.42 0.94 0.28]

n=42 (0 outliers removed), r^2=0.748
Best-fit  line:  b=+0.861 (0.524) x1e-4, a=1.253 (0.090)
Best-fit offset, b=+2.204 (0.203) x1e-4

Total error, adding in uncertainty in the calibration coefficients:
Best-fit  line:  b=+0.861 (0.950) x1e-4, a=1.253 (0.097)
Best-fit offset, b=+2.204 (0.808) x1e-4

95% Confidence intervals:
Best-fit line (df=40): b=+0.9 (1.9) x1e-4, a=1.25 (0.20)
Best-fit offset (df=41), b=+2.2 (1.6) x1e-4

Figure saved to bbp_HS6RR_BB9SR.png
%%%%%%%%%%%%%%%%%%%%%%%%%%%%%%%%%%%%%%%%%%%%%
running: compare_inst.py FLBBLF BB9SR
0 matches found
FLBB (LF) dives: []
BB9 (SR) dives: []
Distances (km)           []
Time separations (hours) []

Quitting program because no matches were found between FLBBLF and BB9SR.
%%%%%%%%%%%%%%%%%%%%%%%%%%%%%%%%%%%%%%%%%%%%%
running: compare_inst.py MCOMSBGC BB9SR
0 matches found
MCOMS (BGC) dives: []
BB9 (SR) dives: []
Distances (km)           []
Time separations (hours) []

Quitting program because no matches were found between MCOMSBGC and BB9SR.
%%%%%%%%%%%%%%%%%%%%%%%%%%%%%%%%%%%%%%%%%%%%%
running: compare_inst.py FLBBLF HS6RR
1 matches found
FLBB (LF) dives: [17]
HS6 (RR) dives: [23]
Distances (km)           [1.81]
Time separations (hours) [0.52]

n=8 (0 outliers removed), r^2=0.661
Best-fit  line:  b=-23.461 (8.915) x1e-4, a=1.398 (0.422)
Best-fit offset, b=-15.059 (0.372) x1e-4

Total error, adding in uncertainty in the calibration coefficients:
Best-fit  line:  b=-23.461 (9.377) x1e-4, a=1.398 (0.424)
Best-fit offset, b=-15.059 (2.088) x1e-4

95% Confidence intervals:
Best-fit line (df=6): b=-23.5 (22.9) x1e-4, a=1.40 (1.04)
Best-fit offset (df=7), b=-15.1 (4.9) x1e-4

Figure saved to bbp_FLBBLF_HS6RR.png
%%%%%%%%%%%%%%%%%%%%%%%%%%%%%%%%%%%%%%%%%%%%%
running: compare_inst.py MCOMSBGC HS6RR
0 matches found
MCOMS (BGC) dives: []
HS6 (RR) dives: []
Distances (km)           []
Time separations (hours) []

Quitting program because no matches were found between MCOMSBGC and HS6RR.
%%%%%%%%%%%%%%%%%%%%%%%%%%%%%%%%%%%%%%%%%%%%%
running: compare_inst.py MCOMSBGC FLBBLF
0 matches found
MCOMS (BGC) dives: []
FLBB (LF) dives: []
Distances (km)           []
Time separations (hours) []

Quitting program because no matches were found between MCOMSBGC and FLBBLF.
